{"level":"info","message":"[20250315215527] Signature: 1a5708b35dec3c22a4a4633757a27f21caf17ab1d00793ec95591388432824fc"}
{"level":"info","message":"------------------------"}
{"level":"info","message":"[20250315215527] Events: [{\"type\":\"message\",\"message\":{\"type\":\"text\",\"id\":\"552325278627266884\",\"quoteToken\":\"Noz-AdgvYmoVKJVQHdApPHfmEXv2a3zk9U1nrE_e2y7j5OnXu2AWmsZicNQRX-e7kbwICjjBHH6rPHXxLiHh4sZmoyk23w6G_xzErlQfLMKaYjAMpTK0380neMJejJkllSEo4r6eCM0gl5QqxnaTdw\",\"text\":\"สวัสดี\"},\"webhookEventId\":\"01JPCXG01RVMW8K9ZRZ6DD2K69\",\"deliveryContext\":{\"isRedelivery\":false},\"timestamp\":1742042824344,\"source\":{\"type\":\"user\",\"userId\":\"Ud902edbd6d1d05ca5b9dce897a9b3acb\"},\"replyToken\":\"59d82cd679ce4b1ba426cbdfe7c95f8f\",\"mode\":\"active\"}]"}
{"level":"info","message":"[20250315215527] Destination: \"U957afb9c0b6d17fe58e8b46a8d90adbf\""}
{"level":"info","message":"[20250315215934] Signature: 1a5708b35dec3c22a4a4633757a27f21caf17ab1d00793ec95591388432824fc"}
{"level":"info","message":"------------------------"}
{"level":"info","message":"[20250315215934] Events: [{\"type\":\"message\",\"message\":{\"type\":\"text\",\"id\":\"552325278627266884\",\"quoteToken\":\"Noz-AdgvYmoVKJVQHdApPHfmEXv2a3zk9U1nrE_e2y7j5OnXu2AWmsZicNQRX-e7kbwICjjBHH6rPHXxLiHh4sZmoyk23w6G_xzErlQfLMKaYjAMpTK0380neMJejJkllSEo4r6eCM0gl5QqxnaTdw\",\"text\":\"สวัสดี\"},\"webhookEventId\":\"01JPCXG01RVMW8K9ZRZ6DD2K69\",\"deliveryContext\":{\"isRedelivery\":false},\"timestamp\":1742042824344,\"source\":{\"type\":\"user\",\"userId\":\"Ud902edbd6d1d05ca5b9dce897a9b3acb\"},\"replyToken\":\"59d82cd679ce4b1ba426cbdfe7c95f8f\",\"mode\":\"active\"}]"}
{"level":"info","message":"[20250315215934] Destination: \"U957afb9c0b6d17fe58e8b46a8d90adbf\""}
{"level":"info","message":"[20250315220012] Signature: 1a5708b35dec3c22a4a4633757a27f21caf17ab1d00793ec95591388432824fc"}
{"level":"info","message":"------------------------"}
{"level":"info","message":"[20250315220012] Events: [{\"type\":\"message\",\"message\":{\"type\":\"text\",\"id\":\"552325278627266884\",\"quoteToken\":\"Noz-AdgvYmoVKJVQHdApPHfmEXv2a3zk9U1nrE_e2y7j5OnXu2AWmsZicNQRX-e7kbwICjjBHH6rPHXxLiHh4sZmoyk23w6G_xzErlQfLMKaYjAMpTK0380neMJejJkllSEo4r6eCM0gl5QqxnaTdw\",\"text\":\"สวัสดี\"},\"webhookEventId\":\"01JPCXG01RVMW8K9ZRZ6DD2K69\",\"deliveryContext\":{\"isRedelivery\":false},\"timestamp\":1742042824344,\"source\":{\"type\":\"user\",\"userId\":\"Ud902edbd6d1d05ca5b9dce897a9b3acb\"},\"replyToken\":\"59d82cd679ce4b1ba426cbdfe7c95f8f\",\"mode\":\"active\"}]"}
{"level":"info","message":"[20250315220012] Destination: \"U957afb9c0b6d17fe58e8b46a8d90adbf\""}
{"level":"info","message":"[20250315220058] Signature: 1a5708b35dec3c22a4a4633757a27f21caf17ab1d00793ec95591388432824fc"}
{"level":"info","message":"------------------------"}
{"level":"info","message":"[20250315220058] Events: [{\"type\":\"message\",\"message\":{\"type\":\"text\",\"id\":\"552325278627266884\",\"quoteToken\":\"Noz-AdgvYmoVKJVQHdApPHfmEXv2a3zk9U1nrE_e2y7j5OnXu2AWmsZicNQRX-e7kbwICjjBHH6rPHXxLiHh4sZmoyk23w6G_xzErlQfLMKaYjAMpTK0380neMJejJkllSEo4r6eCM0gl5QqxnaTdw\",\"text\":\"สวัสดี\"},\"webhookEventId\":\"01JPCXG01RVMW8K9ZRZ6DD2K69\",\"deliveryContext\":{\"isRedelivery\":false},\"timestamp\":1742042824344,\"source\":{\"type\":\"user\",\"userId\":\"Ud902edbd6d1d05ca5b9dce897a9b3acb\"},\"replyToken\":\"59d82cd679ce4b1ba426cbdfe7c95f8f\",\"mode\":\"active\"}]"}
{"level":"info","message":"[20250315220058] Destination: \"U957afb9c0b6d17fe58e8b46a8d90adbf\""}
{"level":"info","message":"[20250315220123] Signature: 1a5708b35dec3c22a4a4633757a27f21caf17ab1d00793ec95591388432824fc"}
{"level":"info","message":"------------------------"}
{"level":"info","message":"[20250315220123] Events: [{\"type\":\"message\",\"message\":{\"type\":\"text\",\"id\":\"552325278627266884\",\"quoteToken\":\"Noz-AdgvYmoVKJVQHdApPHfmEXv2a3zk9U1nrE_e2y7j5OnXu2AWmsZicNQRX-e7kbwICjjBHH6rPHXxLiHh4sZmoyk23w6G_xzErlQfLMKaYjAMpTK0380neMJejJkllSEo4r6eCM0gl5QqxnaTdw\",\"text\":\"สวัสดี\"},\"webhookEventId\":\"01JPCXG01RVMW8K9ZRZ6DD2K69\",\"deliveryContext\":{\"isRedelivery\":false},\"timestamp\":1742042824344,\"source\":{\"type\":\"user\",\"userId\":\"Ud902edbd6d1d05ca5b9dce897a9b3acb\"},\"replyToken\":\"59d82cd679ce4b1ba426cbdfe7c95f8f\",\"mode\":\"active\"}]"}
{"level":"info","message":"[20250315220123] Destination: \"U957afb9c0b6d17fe58e8b46a8d90adbf\""}
{"level":"info","message":"[20250315220150] Signature: 1a5708b35dec3c22a4a4633757a27f21caf17ab1d00793ec95591388432824fc"}
{"level":"info","message":"------------------------"}
{"level":"info","message":"[20250315220150] Events: [{\"type\":\"message\",\"message\":{\"type\":\"text\",\"id\":\"552325328556261530\",\"quoteToken\":\"VoOh1F6YFa_TDMBsSQz5jni2ipy5PLMdXooGpTsjNLKr-Vk0o6GJ2U-is1uwQ7OEVnCq8mKxwBn-j2APAFNKvghGHgCw2fPHM4_velJFFdLmWKM8X-R64NhzL9IjCBxtAU9G1CuDx6ZRJgWuWn9q9g\",\"text\":\"#LineLogin \\n\\n          System: https://uat.joyprint.eappsoft.net\\n          UserId: 64d458c990ce2854e3b1776f \\n\"},\"webhookEventId\":\"01JPCXGX6KK8DFDT0VAMAY6M0T\",\"deliveryContext\":{\"isRedelivery\":false},\"timestamp\":1742042854102,\"source\":{\"type\":\"user\",\"userId\":\"Ud902edbd6d1d05ca5b9dce897a9b3acb\"},\"replyToken\":\"d3d91f39180a418384b7f9fa6ae02014\",\"mode\":\"active\"}]"}
{"level":"info","message":"[20250315220150] Destination: \"U957afb9c0b6d17fe58e8b46a8d90adbf\""}
{"level":"info","message":"[20250315220209] Signature: 1a5708b35dec3c22a4a4633757a27f21caf17ab1d00793ec95591388432824fc"}
{"level":"info","message":"------------------------"}
{"level":"info","message":"[20250315220209] Events: [{\"type\":\"message\",\"message\":{\"type\":\"text\",\"id\":\"552325328556261530\",\"quoteToken\":\"VoOh1F6YFa_TDMBsSQz5jni2ipy5PLMdXooGpTsjNLKr-Vk0o6GJ2U-is1uwQ7OEVnCq8mKxwBn-j2APAFNKvghGHgCw2fPHM4_velJFFdLmWKM8X-R64NhzL9IjCBxtAU9G1CuDx6ZRJgWuWn9q9g\",\"text\":\"#LineLogin \\n\\n          System: https://uat.joyprint.eappsoft.net\\n          UserId: 64d458c990ce2854e3b1776f \\n\"},\"webhookEventId\":\"01JPCXGX6KK8DFDT0VAMAY6M0T\",\"deliveryContext\":{\"isRedelivery\":false},\"timestamp\":1742042854102,\"source\":{\"type\":\"user\",\"userId\":\"Ud902edbd6d1d05ca5b9dce897a9b3acb\"},\"replyToken\":\"d3d91f39180a418384b7f9fa6ae02014\",\"mode\":\"active\"}]"}
{"level":"info","message":"[20250315220209] Destination: \"U957afb9c0b6d17fe58e8b46a8d90adbf\""}
{"level":"info","message":"[20250315220243] Signature: 1a5708b35dec3c22a4a4633757a27f21caf17ab1d00793ec95591388432824fc"}
{"level":"info","message":"------------------------"}
{"level":"info","message":"[20250315220243] Events: [{\"type\":\"message\",\"message\":{\"type\":\"text\",\"id\":\"552325328556261530\",\"quoteToken\":\"VoOh1F6YFa_TDMBsSQz5jni2ipy5PLMdXooGpTsjNLKr-Vk0o6GJ2U-is1uwQ7OEVnCq8mKxwBn-j2APAFNKvghGHgCw2fPHM4_velJFFdLmWKM8X-R64NhzL9IjCBxtAU9G1CuDx6ZRJgWuWn9q9g\",\"text\":\"#LineLogin \\n\\n          System: https://uat.joyprint.eappsoft.net\\n          UserId: 64d458c990ce2854e3b1776f \\n\"},\"webhookEventId\":\"01JPCXGX6KK8DFDT0VAMAY6M0T\",\"deliveryContext\":{\"isRedelivery\":false},\"timestamp\":1742042854102,\"source\":{\"type\":\"user\",\"userId\":\"Ud902edbd6d1d05ca5b9dce897a9b3acb\"},\"replyToken\":\"d3d91f39180a418384b7f9fa6ae02014\",\"mode\":\"active\"}]"}
{"level":"info","message":"[20250315220243] Destination: \"U957afb9c0b6d17fe58e8b46a8d90adbf\""}
{"level":"info","message":"[20250315220316] Signature: 1a5708b35dec3c22a4a4633757a27f21caf17ab1d00793ec95591388432824fc"}
{"level":"info","message":"------------------------"}
{"level":"info","message":"[20250315220316] Events: [{\"type\":\"message\",\"message\":{\"type\":\"text\",\"id\":\"552325328556261530\",\"quoteToken\":\"VoOh1F6YFa_TDMBsSQz5jni2ipy5PLMdXooGpTsjNLKr-Vk0o6GJ2U-is1uwQ7OEVnCq8mKxwBn-j2APAFNKvghGHgCw2fPHM4_velJFFdLmWKM8X-R64NhzL9IjCBxtAU9G1CuDx6ZRJgWuWn9q9g\",\"text\":\"#LineLogin \\n\\n          System: https://uat.joyprint.eappsoft.net\\n          UserId: 64d458c990ce2854e3b1776f \\n\"},\"webhookEventId\":\"01JPCXGX6KK8DFDT0VAMAY6M0T\",\"deliveryContext\":{\"isRedelivery\":false},\"timestamp\":1742042854102,\"source\":{\"type\":\"user\",\"userId\":\"Ud902edbd6d1d05ca5b9dce897a9b3acb\"},\"replyToken\":\"d3d91f39180a418384b7f9fa6ae02014\",\"mode\":\"active\"}]"}
{"level":"info","message":"[20250315220316] Destination: \"U957afb9c0b6d17fe58e8b46a8d90adbf\""}
{"level":"info","message":"[20250315220506] Signature: 3ed962ba2cdf58ebc1fda63e472b34cd175f74a96bebc859d61e1fb65d15b4d5"}
{"level":"info","message":"------------------------"}
{"level":"info","message":"[20250315220506] Events: [{\"type\":\"message\",\"message\":{\"type\":\"text\",\"id\":\"552325328556261530\",\"quoteToken\":\"VoOh1F6YFa_TDMBsSQz5jni2ipy5PLMdXooGpTsjNLKr-Vk0o6GJ2U-is1uwQ7OEVnCq8mKxwBn-j2APAFNKvghGHgCw2fPHM4_velJFFdLmWKM8X-R64NhzL9IjCBxtAU9G1CuDx6ZRJgWuWn9q9g\",\"text\":\"#LineLogin \\n\\n          System: https://uat.joyprint.eappsoft.net\\n          UserId: 64d458c990ce2854e3b1776f \\n\"},\"webhookEventId\":\"01JPCXGX6KK8DFDT0VAMAY6M0T\",\"deliveryContext\":{\"isRedelivery\":false},\"timestamp\":1742042854102,\"source\":{\"type\":\"user\",\"userId\":\"Ud902edbd6d1d05ca5b9dce897a9b3acb\"},\"replyToken\":\"d3d91f39180a418384b7f9fa6ae02014\",\"mode\":\"active\"}]"}
{"level":"info","message":"[20250315220506] Destination: \"U957afb9c0b6d17fe58e8b46a8d90adbf\""}
{"level":"info","message":"[20250315221544] Signature: 3ed962ba2cdf58ebc1fda63e472b34cd175f74a96bebc859d61e1fb65d15b4d5"}
{"level":"info","message":"------------------------"}
{"level":"info","message":"[20250315221544] Events: [{\"type\":\"message\",\"message\":{\"type\":\"text\",\"id\":\"552325328556261530\",\"quoteToken\":\"VoOh1F6YFa_TDMBsSQz5jni2ipy5PLMdXooGpTsjNLKr-Vk0o6GJ2U-is1uwQ7OEVnCq8mKxwBn-j2APAFNKvghGHgCw2fPHM4_velJFFdLmWKM8X-R64NhzL9IjCBxtAU9G1CuDx6ZRJgWuWn9q9g\",\"text\":\"#LineLogin \\n\\n          System: https://uat.joyprint.eappsoft.net\\n          UserId: 64d458c990ce2854e3b1776f \\n\"},\"webhookEventId\":\"01JPCXGX6KK8DFDT0VAMAY6M0T\",\"deliveryContext\":{\"isRedelivery\":false},\"timestamp\":1742042854102,\"source\":{\"type\":\"user\",\"userId\":\"Ud902edbd6d1d05ca5b9dce897a9b3acb\"},\"replyToken\":\"d3d91f39180a418384b7f9fa6ae02014\",\"mode\":\"active\"}]"}
{"level":"info","message":"[20250315221544] Destination: \"U957afb9c0b6d17fe58e8b46a8d90adbf\""}
{"level":"info","message":"[20250315221544] System Login Event"}
{"level":"info","message":"[20250315221544] System URL:  https://uat.joyprint.eappsoft.net"}
{"level":"info","message":"[20250315221544] User ID:  64d458c990ce2854e3b1776f "}
{"level":"error","message":"Error in processing the event: Cast to ObjectId failed for value \" 64d458c990ce2854e3b1776f\" (type string) at path \"_id\" for model \"Employee\""}
